{
  "stats": {
    "suites": 1,
    "tests": 8,
    "passes": 8,
    "pending": 0,
    "failures": 0,
    "start": "2024-12-29T08:46:45.982Z",
    "end": "2024-12-29T08:46:46.165Z",
    "duration": 183,
    "testsRegistered": 8,
    "passPercent": 100,
    "pendingPercent": 0,
    "other": 0,
    "hasOther": false,
    "skipped": 0,
    "hasSkipped": false
  },
  "results": [
    {
      "uuid": "f8a7f378-1865-4e41-bb0a-6c435a1c5a52",
      "title": "",
      "fullFile": "",
      "file": "",
      "beforeHooks": [
        {
          "title": "\"before all\" hook in \"{root}\"",
          "fullTitle": "\"before all\" hook in \"{root}\"",
          "timedOut": false,
          "duration": 116,
          "state": null,
          "speed": null,
          "pass": false,
          "fail": false,
          "pending": false,
          "context": null,
          "code": "await mongoose.connect('mongodb://127.0.0.1:27017/testDB', {\n  serverSelectionTimeoutMS: 20000, // Increase timeout if necessary\n})\n// Clear existing data\nawait Subscriber.deleteMany({})\n// Insert mock data\nawait Subscriber.create([\n  {\n    name: 'John Doe',\n    subscribedChannel: 'Channel 1',\n    subscribedDate: new Date(),\n  },\n  {\n    name: 'Jane Doe',\n    subscribedChannel: 'Channel 2',\n    subscribedDate: new Date(),\n  },\n])",
          "err": {},
          "uuid": "0f4f2138-61cc-4e85-bfb6-97476580be1c",
          "parentUUID": "f8a7f378-1865-4e41-bb0a-6c435a1c5a52",
          "isHook": true,
          "skipped": false
        }
      ],
      "afterHooks": [
        {
          "title": "\"after all\" hook in \"{root}\"",
          "fullTitle": "\"after all\" hook in \"{root}\"",
          "timedOut": false,
          "duration": 3,
          "state": null,
          "speed": null,
          "pass": false,
          "fail": false,
          "pending": false,
          "context": null,
          "code": "await mongoose.connection.close() // Close the database connection after tests",
          "err": {},
          "uuid": "89f597be-3dd0-4189-94c2-8d6cd6557842",
          "parentUUID": "f8a7f378-1865-4e41-bb0a-6c435a1c5a52",
          "isHook": true,
          "skipped": false
        }
      ],
      "tests": [],
      "suites": [
        {
          "uuid": "9c0de706-d060-48f2-80fd-6bb59f390506",
          "title": "Subscribers API",
          "fullFile": "/Users/VikasDhyani/Downloads/Subscribers-Mongo-Node-BoilerPlate-main/test/subscriber.test.js",
          "file": "/test/subscriber.test.js",
          "beforeHooks": [],
          "afterHooks": [],
          "tests": [
            {
              "title": "should fetch all subscribers",
              "fullTitle": "Subscribers API should fetch all subscribers",
              "timedOut": false,
              "duration": 17,
              "state": "passed",
              "speed": "fast",
              "pass": true,
              "fail": false,
              "pending": false,
              "context": null,
              "code": "const res = await request(app).get('/subscribers')\nexpect(res.status).to.equal(200)\nexpect(res.body).to.be.an('array')\nexpect(res.body[0]).to.have.property('name')\nexpect(res.body[0]).to.have.property('subscribedChannel')",
              "err": {},
              "uuid": "745dc2bf-fecb-494a-b515-b976450d4c99",
              "parentUUID": "9c0de706-d060-48f2-80fd-6bb59f390506",
              "isHook": false,
              "skipped": false
            },
            {
              "title": "should fetch subscribers by name",
              "fullTitle": "Subscribers API should fetch subscribers by name",
              "timedOut": false,
              "duration": 4,
              "state": "passed",
              "speed": "fast",
              "pass": true,
              "fail": false,
              "pending": false,
              "context": null,
              "code": "const res = await request(app).get('/subscribers/names')\nexpect(res.status).to.equal(200)\nexpect(res.body).to.be.an('array')\nexpect(res.body[0]).to.have.property('name')\nexpect(res.body[0]).to.have.property('subscribedChannel')",
              "err": {},
              "uuid": "aad771b8-2227-47c9-8aea-fa503138b396",
              "parentUUID": "9c0de706-d060-48f2-80fd-6bb59f390506",
              "isHook": false,
              "skipped": false
            },
            {
              "title": "should create a new subscriber",
              "fullTitle": "Subscribers API should create a new subscriber",
              "timedOut": false,
              "duration": 12,
              "state": "passed",
              "speed": "fast",
              "pass": true,
              "fail": false,
              "pending": false,
              "context": null,
              "code": "const newSubscriber = {\n  name: 'Mark Twain',\n  subscribedChannel: 'Channel 3',\n  subscribedDate: new Date(),\n}\nconst res = await request(app).post('/subscribers').send(newSubscriber)\nexpect(res.status).to.equal(201)\nexpect(res.body).to.have.property('name', 'Mark Twain')\nexpect(res.body).to.have.property('subscribedChannel', 'Channel 3')",
              "err": {},
              "uuid": "115bae57-2476-4a36-a214-12b61fec533f",
              "parentUUID": "9c0de706-d060-48f2-80fd-6bb59f390506",
              "isHook": false,
              "skipped": false
            },
            {
              "title": "should create a new subscriber with name and channel only",
              "fullTitle": "Subscribers API should create a new subscriber with name and channel only",
              "timedOut": false,
              "duration": 4,
              "state": "passed",
              "speed": "fast",
              "pass": true,
              "fail": false,
              "pending": false,
              "context": null,
              "code": "const newSubscriber = {\n  name: 'Sarah Lee',\n  subscribedChannel: 'Channel 4',\n}\nconst res = await request(app)\n  .post('/subscribers/names')\n  .send(newSubscriber)\nexpect(res.status).to.equal(201)\nexpect(res.body).to.have.property('name', 'Sarah Lee')\nexpect(res.body).to.have.property('subscribedChannel', 'Channel 4')",
              "err": {},
              "uuid": "af75f549-7336-4588-9fc0-c99273e8e338",
              "parentUUID": "9c0de706-d060-48f2-80fd-6bb59f390506",
              "isHook": false,
              "skipped": false
            },
            {
              "title": "should fetch a subscriber by ID",
              "fullTitle": "Subscribers API should fetch a subscriber by ID",
              "timedOut": false,
              "duration": 7,
              "state": "passed",
              "speed": "fast",
              "pass": true,
              "fail": false,
              "pending": false,
              "context": null,
              "code": "const subscriber = await Subscriber.findOne()\nconst res = await request(app).get(`/subscribers/${subscriber._id}`) // Corrected with backticks\nexpect(res.status).to.equal(200)\nexpect(res.body).to.have.property('name')\nexpect(res.body).to.have.property('subscribedChannel')",
              "err": {},
              "uuid": "f40e1a12-cfaa-494e-96ce-a3c6057041e4",
              "parentUUID": "9c0de706-d060-48f2-80fd-6bb59f390506",
              "isHook": false,
              "skipped": false
            },
            {
              "title": "should return 404 for non-existing subscriber ID",
              "fullTitle": "Subscribers API should return 404 for non-existing subscriber ID",
              "timedOut": false,
              "duration": 4,
              "state": "passed",
              "speed": "fast",
              "pass": true,
              "fail": false,
              "pending": false,
              "context": null,
              "code": "const nonExistingId = new mongoose.Types.ObjectId()\nconst res = await request(app).get(`/subscribers/${nonExistingId}`) // Corrected with backticks\nexpect(res.status).to.equal(404)\nexpect(res.body).to.have.property('message', 'Subscriber not found')",
              "err": {},
              "uuid": "57c4655d-7b20-417d-a24d-04b5afa42d24",
              "parentUUID": "9c0de706-d060-48f2-80fd-6bb59f390506",
              "isHook": false,
              "skipped": false
            },
            {
              "title": "should update a subscriber by ID",
              "fullTitle": "Subscribers API should update a subscriber by ID",
              "timedOut": false,
              "duration": 7,
              "state": "passed",
              "speed": "fast",
              "pass": true,
              "fail": false,
              "pending": false,
              "context": null,
              "code": "const subscriber = await Subscriber.findOne()\nconst updatedData = {\n  name: 'Updated Name',\n  subscribedChannel: 'Updated Channel',\n  subscribedDate: new Date(),\n}\nconst res = await request(app)\n  .post(`/subscribers/${subscriber._id}`) // Corrected with backticks\n  .send(updatedData)\nexpect(res.status).to.equal(200)\nexpect(res.body).to.have.property('name', 'Updated Name')\nexpect(res.body).to.have.property('subscribedChannel', 'Updated Channel')",
              "err": {},
              "uuid": "b7ed0975-0f52-4047-a2d9-653b11d7633e",
              "parentUUID": "9c0de706-d060-48f2-80fd-6bb59f390506",
              "isHook": false,
              "skipped": false
            },
            {
              "title": "should return 404 when updating non-existing subscriber",
              "fullTitle": "Subscribers API should return 404 when updating non-existing subscriber",
              "timedOut": false,
              "duration": 3,
              "state": "passed",
              "speed": "fast",
              "pass": true,
              "fail": false,
              "pending": false,
              "context": null,
              "code": "const nonExistingId = new mongoose.Types.ObjectId()\nconst updatedData = {\n  name: 'New Name',\n  subscribedChannel: 'New Channel',\n  subscribedDate: new Date(),\n}\nconst res = await request(app)\n  .post(`/subscribers/${nonExistingId}`) // Corrected with backticks\n  .send(updatedData)\nexpect(res.status).to.equal(404)\nexpect(res.body).to.have.property('message', 'Subscriber not found')",
              "err": {},
              "uuid": "1d211a7e-3151-4146-abdd-5fa0a141b522",
              "parentUUID": "9c0de706-d060-48f2-80fd-6bb59f390506",
              "isHook": false,
              "skipped": false
            }
          ],
          "suites": [],
          "passes": [
            "745dc2bf-fecb-494a-b515-b976450d4c99",
            "aad771b8-2227-47c9-8aea-fa503138b396",
            "115bae57-2476-4a36-a214-12b61fec533f",
            "af75f549-7336-4588-9fc0-c99273e8e338",
            "f40e1a12-cfaa-494e-96ce-a3c6057041e4",
            "57c4655d-7b20-417d-a24d-04b5afa42d24",
            "b7ed0975-0f52-4047-a2d9-653b11d7633e",
            "1d211a7e-3151-4146-abdd-5fa0a141b522"
          ],
          "failures": [],
          "pending": [],
          "skipped": [],
          "duration": 58,
          "root": false,
          "rootEmpty": false,
          "_timeout": 60000
        }
      ],
      "passes": [],
      "failures": [],
      "pending": [],
      "skipped": [],
      "duration": 0,
      "root": true,
      "rootEmpty": true,
      "_timeout": 60000
    }
  ],
  "meta": {
    "mocha": {
      "version": "8.4.0"
    },
    "mochawesome": {
      "options": {
        "quiet": false,
        "reportFilename": "mochawesome",
        "saveHtml": true,
        "saveJson": true,
        "consoleReporter": "spec",
        "useInlineDiffs": false,
        "code": true
      },
      "version": "6.1.1"
    },
    "marge": {
      "options": null,
      "version": "5.2.0"
    }
  }
}