{
  "stats": {
    "suites": 1,
    "tests": 8,
    "passes": 8,
    "pending": 0,
    "failures": 0,
    "start": "2024-12-28T06:28:15.143Z",
    "end": "2024-12-28T06:28:15.260Z",
    "duration": 117,
    "testsRegistered": 8,
    "passPercent": 100,
    "pendingPercent": 0,
    "other": 0,
    "hasOther": false,
    "skipped": 0,
    "hasSkipped": false
  },
  "results": [
    {
      "uuid": "f0c48312-2bb8-47bd-8d62-e0157caa4ef0",
      "title": "",
      "fullFile": "",
      "file": "",
      "beforeHooks": [
        {
          "title": "\"before all\" hook in \"{root}\"",
          "fullTitle": "\"before all\" hook in \"{root}\"",
          "timedOut": false,
          "duration": 58,
          "state": null,
          "speed": null,
          "pass": false,
          "fail": false,
          "pending": false,
          "context": null,
          "code": "await mongoose.connect('mongodb://localhost:27017/testDB', {\n  serverSelectionTimeoutMS: 10000, // Increase timeout if necessary\n})\n// Clear existing data\nawait Subscriber.deleteMany({})\n// Insert mock data\nawait Subscriber.create([\n  {\n    name: 'John Doe',\n    subscribedChannel: 'Channel 1',\n    subscribedDate: new Date(),\n  },\n  {\n    name: 'Jane Doe',\n    subscribedChannel: 'Channel 2',\n    subscribedDate: new Date(),\n  },\n])",
          "err": {},
          "uuid": "548f6956-0045-4f1e-b26b-449c246902c2",
          "parentUUID": "f0c48312-2bb8-47bd-8d62-e0157caa4ef0",
          "isHook": true,
          "skipped": false
        }
      ],
      "afterHooks": [
        {
          "title": "\"after all\" hook in \"{root}\"",
          "fullTitle": "\"after all\" hook in \"{root}\"",
          "timedOut": false,
          "duration": 2,
          "state": null,
          "speed": null,
          "pass": false,
          "fail": false,
          "pending": false,
          "context": null,
          "code": "await mongoose.connection.close() // Close the database connection after tests",
          "err": {},
          "uuid": "8ec4178c-4ed6-4280-9e78-92f4d080d711",
          "parentUUID": "f0c48312-2bb8-47bd-8d62-e0157caa4ef0",
          "isHook": true,
          "skipped": false
        }
      ],
      "tests": [],
      "suites": [
        {
          "uuid": "b4ab1163-4004-48b9-bb4a-17c8ba74f752",
          "title": "Subscribers API",
          "fullFile": "/Users/VikasDhyani/Downloads/Subscribers-Mongo-Node-BoilerPlate-main/test/subscriber.test.js",
          "file": "/test/subscriber.test.js",
          "beforeHooks": [],
          "afterHooks": [],
          "tests": [
            {
              "title": "should fetch all subscribers",
              "fullTitle": "Subscribers API should fetch all subscribers",
              "timedOut": false,
              "duration": 15,
              "state": "passed",
              "speed": "fast",
              "pass": true,
              "fail": false,
              "pending": false,
              "context": null,
              "code": "const res = await request(app).get('/subscribers')\nexpect(res.status).to.equal(200)\nexpect(res.body).to.be.an('array')\nexpect(res.body[0]).to.have.property('name')\nexpect(res.body[0]).to.have.property('subscribedChannel')",
              "err": {},
              "uuid": "7e3aaab9-dca0-43b5-9e0d-3fb92ecc8562",
              "parentUUID": "b4ab1163-4004-48b9-bb4a-17c8ba74f752",
              "isHook": false,
              "skipped": false
            },
            {
              "title": "should fetch subscribers by name",
              "fullTitle": "Subscribers API should fetch subscribers by name",
              "timedOut": false,
              "duration": 4,
              "state": "passed",
              "speed": "fast",
              "pass": true,
              "fail": false,
              "pending": false,
              "context": null,
              "code": "const res = await request(app).get('/subscribers/names')\nexpect(res.status).to.equal(200)\nexpect(res.body).to.be.an('array')\nexpect(res.body[0]).to.have.property('name')\nexpect(res.body[0]).to.have.property('subscribedChannel')",
              "err": {},
              "uuid": "e86c7e3c-fa09-4bba-846f-bc2d3e7da291",
              "parentUUID": "b4ab1163-4004-48b9-bb4a-17c8ba74f752",
              "isHook": false,
              "skipped": false
            },
            {
              "title": "should create a new subscriber",
              "fullTitle": "Subscribers API should create a new subscriber",
              "timedOut": false,
              "duration": 9,
              "state": "passed",
              "speed": "fast",
              "pass": true,
              "fail": false,
              "pending": false,
              "context": null,
              "code": "const newSubscriber = {\n  name: 'Mark Twain',\n  subscribedChannel: 'Channel 3',\n  subscribedDate: new Date(),\n}\nconst res = await request(app).post('/subscribers').send(newSubscriber)\nexpect(res.status).to.equal(201)\nexpect(res.body).to.have.property('name', 'Mark Twain')\nexpect(res.body).to.have.property('subscribedChannel', 'Channel 3')",
              "err": {},
              "uuid": "13eb7c43-45b0-4b1f-a551-0ebe85af3dd9",
              "parentUUID": "b4ab1163-4004-48b9-bb4a-17c8ba74f752",
              "isHook": false,
              "skipped": false
            },
            {
              "title": "should create a new subscriber with name and channel only",
              "fullTitle": "Subscribers API should create a new subscriber with name and channel only",
              "timedOut": false,
              "duration": 3,
              "state": "passed",
              "speed": "fast",
              "pass": true,
              "fail": false,
              "pending": false,
              "context": null,
              "code": "const newSubscriber = {\n  name: 'Sarah Lee',\n  subscribedChannel: 'Channel 4',\n}\nconst res = await request(app)\n  .post('/subscribers/names')\n  .send(newSubscriber)\nexpect(res.status).to.equal(201)\nexpect(res.body).to.have.property('name', 'Sarah Lee')\nexpect(res.body).to.have.property('subscribedChannel', 'Channel 4')",
              "err": {},
              "uuid": "6962be3a-e2b1-4817-b853-d4115b515223",
              "parentUUID": "b4ab1163-4004-48b9-bb4a-17c8ba74f752",
              "isHook": false,
              "skipped": false
            },
            {
              "title": "should fetch a subscriber by ID",
              "fullTitle": "Subscribers API should fetch a subscriber by ID",
              "timedOut": false,
              "duration": 6,
              "state": "passed",
              "speed": "fast",
              "pass": true,
              "fail": false,
              "pending": false,
              "context": null,
              "code": "const subscriber = await Subscriber.findOne()\nconst res = await request(app).get(`/subscribers/${subscriber._id}`)\nexpect(res.status).to.equal(200)\nexpect(res.body).to.have.property('name')\nexpect(res.body).to.have.property('subscribedChannel')",
              "err": {},
              "uuid": "5d47eb03-cf1e-48a5-a7a1-08997f74edb9",
              "parentUUID": "b4ab1163-4004-48b9-bb4a-17c8ba74f752",
              "isHook": false,
              "skipped": false
            },
            {
              "title": "should return 404 for non-existing subscriber ID",
              "fullTitle": "Subscribers API should return 404 for non-existing subscriber ID",
              "timedOut": false,
              "duration": 2,
              "state": "passed",
              "speed": "fast",
              "pass": true,
              "fail": false,
              "pending": false,
              "context": null,
              "code": "const nonExistingId = new mongoose.Types.ObjectId()\nconst res = await request(app).get(`/subscribers/${nonExistingId}`)\nexpect(res.status).to.equal(404)\nexpect(res.body).to.have.property('message', 'Subscriber not found')",
              "err": {},
              "uuid": "7743ca72-5ce4-4f8a-aa2d-a04924b966e2",
              "parentUUID": "b4ab1163-4004-48b9-bb4a-17c8ba74f752",
              "isHook": false,
              "skipped": false
            },
            {
              "title": "should update a subscriber by ID",
              "fullTitle": "Subscribers API should update a subscriber by ID",
              "timedOut": false,
              "duration": 11,
              "state": "passed",
              "speed": "fast",
              "pass": true,
              "fail": false,
              "pending": false,
              "context": null,
              "code": "const subscriber = await Subscriber.findOne()\nconst updatedData = {\n  name: 'Updated Name',\n  subscribedChannel: 'Updated Channel',\n  subscribedDate: new Date(),\n}\nconst res = await request(app)\n  .post(`/subscribers/${subscriber._id}`)\n  .send(updatedData)\nexpect(res.status).to.equal(200)\nexpect(res.body).to.have.property('name', 'Updated Name')\nexpect(res.body).to.have.property('subscribedChannel', 'Updated Channel')",
              "err": {},
              "uuid": "0186c8ac-a172-4fa8-9dcb-22bc1029dae3",
              "parentUUID": "b4ab1163-4004-48b9-bb4a-17c8ba74f752",
              "isHook": false,
              "skipped": false
            },
            {
              "title": "should return 404 when updating non-existing subscriber",
              "fullTitle": "Subscribers API should return 404 when updating non-existing subscriber",
              "timedOut": false,
              "duration": 3,
              "state": "passed",
              "speed": "fast",
              "pass": true,
              "fail": false,
              "pending": false,
              "context": null,
              "code": "const nonExistingId = new mongoose.Types.ObjectId()\nconst updatedData = {\n  name: 'New Name',\n  subscribedChannel: 'New Channel',\n  subscribedDate: new Date(),\n}\nconst res = await request(app)\n  .post(`/subscribers/${nonExistingId}`)\n  .send(updatedData)\nexpect(res.status).to.equal(404)\nexpect(res.body).to.have.property('message', 'Subscriber not found')",
              "err": {},
              "uuid": "24c739b5-4f7e-4346-8aa8-2381a4b664ff",
              "parentUUID": "b4ab1163-4004-48b9-bb4a-17c8ba74f752",
              "isHook": false,
              "skipped": false
            }
          ],
          "suites": [],
          "passes": [
            "7e3aaab9-dca0-43b5-9e0d-3fb92ecc8562",
            "e86c7e3c-fa09-4bba-846f-bc2d3e7da291",
            "13eb7c43-45b0-4b1f-a551-0ebe85af3dd9",
            "6962be3a-e2b1-4817-b853-d4115b515223",
            "5d47eb03-cf1e-48a5-a7a1-08997f74edb9",
            "7743ca72-5ce4-4f8a-aa2d-a04924b966e2",
            "0186c8ac-a172-4fa8-9dcb-22bc1029dae3",
            "24c739b5-4f7e-4346-8aa8-2381a4b664ff"
          ],
          "failures": [],
          "pending": [],
          "skipped": [],
          "duration": 53,
          "root": false,
          "rootEmpty": false,
          "_timeout": 60000
        }
      ],
      "passes": [],
      "failures": [],
      "pending": [],
      "skipped": [],
      "duration": 0,
      "root": true,
      "rootEmpty": true,
      "_timeout": 60000
    }
  ],
  "meta": {
    "mocha": {
      "version": "8.4.0"
    },
    "mochawesome": {
      "options": {
        "quiet": false,
        "reportFilename": "mochawesome",
        "saveHtml": true,
        "saveJson": true,
        "consoleReporter": "spec",
        "useInlineDiffs": false,
        "code": true
      },
      "version": "6.1.1"
    },
    "marge": {
      "options": null,
      "version": "5.2.0"
    }
  }
}