{
  "stats": {
    "suites": 1,
    "tests": 8,
    "passes": 8,
    "pending": 0,
    "failures": 0,
    "start": "2024-12-28T10:00:33.047Z",
    "end": "2024-12-28T10:00:33.195Z",
    "duration": 148,
    "testsRegistered": 8,
    "passPercent": 100,
    "pendingPercent": 0,
    "other": 0,
    "hasOther": false,
    "skipped": 0,
    "hasSkipped": false
  },
  "results": [
    {
      "uuid": "85b69272-ef01-4363-8a87-aed2ac7de187",
      "title": "",
      "fullFile": "",
      "file": "",
      "beforeHooks": [
        {
          "title": "\"before all\" hook in \"{root}\"",
          "fullTitle": "\"before all\" hook in \"{root}\"",
          "timedOut": false,
          "duration": 74,
          "state": null,
          "speed": null,
          "pass": false,
          "fail": false,
          "pending": false,
          "context": null,
          "code": "await mongoose.connect('mongodb://localhost:27017/testDB', {\n  serverSelectionTimeoutMS: 10000, // Increase timeout if necessary\n})\n// Clear existing data\nawait Subscriber.deleteMany({})\n// Insert mock data\nawait Subscriber.create([\n  {\n    name: 'John Doe',\n    subscribedChannel: 'Channel 1',\n    subscribedDate: new Date(),\n  },\n  {\n    name: 'Jane Doe',\n    subscribedChannel: 'Channel 2',\n    subscribedDate: new Date(),\n  },\n])",
          "err": {},
          "uuid": "9f0ff83d-5305-466c-a537-0c128336fa97",
          "parentUUID": "85b69272-ef01-4363-8a87-aed2ac7de187",
          "isHook": true,
          "skipped": false
        }
      ],
      "afterHooks": [
        {
          "title": "\"after all\" hook in \"{root}\"",
          "fullTitle": "\"after all\" hook in \"{root}\"",
          "timedOut": false,
          "duration": 3,
          "state": null,
          "speed": null,
          "pass": false,
          "fail": false,
          "pending": false,
          "context": null,
          "code": "await mongoose.connection.close() // Close the database connection after tests",
          "err": {},
          "uuid": "5693ae46-48d1-4bc9-bccc-46ed5a4855e5",
          "parentUUID": "85b69272-ef01-4363-8a87-aed2ac7de187",
          "isHook": true,
          "skipped": false
        }
      ],
      "tests": [],
      "suites": [
        {
          "uuid": "906d75dc-054c-4b7d-a0a8-4115c8ad0f21",
          "title": "Subscribers API",
          "fullFile": "/Users/VikasDhyani/Downloads/Subscribers-Mongo-Node-BoilerPlate-main/test/subscriber.test.js",
          "file": "/test/subscriber.test.js",
          "beforeHooks": [],
          "afterHooks": [],
          "tests": [
            {
              "title": "should fetch all subscribers",
              "fullTitle": "Subscribers API should fetch all subscribers",
              "timedOut": false,
              "duration": 18,
              "state": "passed",
              "speed": "fast",
              "pass": true,
              "fail": false,
              "pending": false,
              "context": null,
              "code": "const res = await request(app).get('/subscribers')\nexpect(res.status).to.equal(200)\nexpect(res.body).to.be.an('array')\nexpect(res.body[0]).to.have.property('name')\nexpect(res.body[0]).to.have.property('subscribedChannel')",
              "err": {},
              "uuid": "ef762aa0-794f-4230-9c17-3b70f5f7d1ad",
              "parentUUID": "906d75dc-054c-4b7d-a0a8-4115c8ad0f21",
              "isHook": false,
              "skipped": false
            },
            {
              "title": "should fetch subscribers by name",
              "fullTitle": "Subscribers API should fetch subscribers by name",
              "timedOut": false,
              "duration": 7,
              "state": "passed",
              "speed": "fast",
              "pass": true,
              "fail": false,
              "pending": false,
              "context": null,
              "code": "const res = await request(app).get('/subscribers/names')\nexpect(res.status).to.equal(200)\nexpect(res.body).to.be.an('array')\nexpect(res.body[0]).to.have.property('name')\nexpect(res.body[0]).to.have.property('subscribedChannel')",
              "err": {},
              "uuid": "2a599d89-3f39-4101-93d9-d42a5cbfa4ad",
              "parentUUID": "906d75dc-054c-4b7d-a0a8-4115c8ad0f21",
              "isHook": false,
              "skipped": false
            },
            {
              "title": "should create a new subscriber",
              "fullTitle": "Subscribers API should create a new subscriber",
              "timedOut": false,
              "duration": 12,
              "state": "passed",
              "speed": "fast",
              "pass": true,
              "fail": false,
              "pending": false,
              "context": null,
              "code": "const newSubscriber = {\n  name: 'Mark Twain',\n  subscribedChannel: 'Channel 3',\n  subscribedDate: new Date(),\n}\nconst res = await request(app).post('/subscribers').send(newSubscriber)\nexpect(res.status).to.equal(201)\nexpect(res.body).to.have.property('name', 'Mark Twain')\nexpect(res.body).to.have.property('subscribedChannel', 'Channel 3')",
              "err": {},
              "uuid": "a1ec9921-1078-484d-ba6e-42460e30e552",
              "parentUUID": "906d75dc-054c-4b7d-a0a8-4115c8ad0f21",
              "isHook": false,
              "skipped": false
            },
            {
              "title": "should create a new subscriber with name and channel only",
              "fullTitle": "Subscribers API should create a new subscriber with name and channel only",
              "timedOut": false,
              "duration": 4,
              "state": "passed",
              "speed": "fast",
              "pass": true,
              "fail": false,
              "pending": false,
              "context": null,
              "code": "const newSubscriber = {\n  name: 'Sarah Lee',\n  subscribedChannel: 'Channel 4',\n}\nconst res = await request(app)\n  .post('/subscribers/names')\n  .send(newSubscriber)\nexpect(res.status).to.equal(201)\nexpect(res.body).to.have.property('name', 'Sarah Lee')\nexpect(res.body).to.have.property('subscribedChannel', 'Channel 4')",
              "err": {},
              "uuid": "22d80856-6534-4022-945f-6d4fe90a3f37",
              "parentUUID": "906d75dc-054c-4b7d-a0a8-4115c8ad0f21",
              "isHook": false,
              "skipped": false
            },
            {
              "title": "should fetch a subscriber by ID",
              "fullTitle": "Subscribers API should fetch a subscriber by ID",
              "timedOut": false,
              "duration": 6,
              "state": "passed",
              "speed": "fast",
              "pass": true,
              "fail": false,
              "pending": false,
              "context": null,
              "code": "const subscriber = await Subscriber.findOne()\nconst res = await request(app).get(`/subscribers/${subscriber._id}`)\nexpect(res.status).to.equal(200)\nexpect(res.body).to.have.property('name')\nexpect(res.body).to.have.property('subscribedChannel')",
              "err": {},
              "uuid": "86587aa4-0064-4f05-8b90-ed8833890523",
              "parentUUID": "906d75dc-054c-4b7d-a0a8-4115c8ad0f21",
              "isHook": false,
              "skipped": false
            },
            {
              "title": "should return 404 for non-existing subscriber ID",
              "fullTitle": "Subscribers API should return 404 for non-existing subscriber ID",
              "timedOut": false,
              "duration": 6,
              "state": "passed",
              "speed": "fast",
              "pass": true,
              "fail": false,
              "pending": false,
              "context": null,
              "code": "const nonExistingId = new mongoose.Types.ObjectId()\nconst res = await request(app).get(`/subscribers/${nonExistingId}`)\nexpect(res.status).to.equal(404)\nexpect(res.body).to.have.property('message', 'Subscriber not found')",
              "err": {},
              "uuid": "698c3ac7-32bc-4f26-a3b1-098d64720ac3",
              "parentUUID": "906d75dc-054c-4b7d-a0a8-4115c8ad0f21",
              "isHook": false,
              "skipped": false
            },
            {
              "title": "should update a subscriber by ID",
              "fullTitle": "Subscribers API should update a subscriber by ID",
              "timedOut": false,
              "duration": 11,
              "state": "passed",
              "speed": "fast",
              "pass": true,
              "fail": false,
              "pending": false,
              "context": null,
              "code": "const subscriber = await Subscriber.findOne()\nconst updatedData = {\n  name: 'Updated Name',\n  subscribedChannel: 'Updated Channel',\n  subscribedDate: new Date(),\n}\nconst res = await request(app)\n  .put(`/subscribers/${subscriber._id}`)\n  .send(updatedData)\nexpect(res.status).to.equal(200)\nexpect(res.body).to.have.property('name', 'Updated Name')\nexpect(res.body).to.have.property('subscribedChannel', 'Updated Channel')",
              "err": {},
              "uuid": "da0bf883-ebe3-4ac4-ac46-a9ed09242269",
              "parentUUID": "906d75dc-054c-4b7d-a0a8-4115c8ad0f21",
              "isHook": false,
              "skipped": false
            },
            {
              "title": "should return 404 when updating non-existing subscriber",
              "fullTitle": "Subscribers API should return 404 when updating non-existing subscriber",
              "timedOut": false,
              "duration": 4,
              "state": "passed",
              "speed": "fast",
              "pass": true,
              "fail": false,
              "pending": false,
              "context": null,
              "code": "const nonExistingId = new mongoose.Types.ObjectId()\nconst updatedData = {\n  name: 'New Name',\n  subscribedChannel: 'New Channel',\n  subscribedDate: new Date(),\n}\nconst res = await request(app)\n  .put(`/subscribers/${nonExistingId}`)\n  .send(updatedData)\nexpect(res.status).to.equal(404)\nexpect(res.body).to.have.property('message', 'Subscriber not found')",
              "err": {},
              "uuid": "21fbea3c-facf-44e3-bab8-592960abbe06",
              "parentUUID": "906d75dc-054c-4b7d-a0a8-4115c8ad0f21",
              "isHook": false,
              "skipped": false
            }
          ],
          "suites": [],
          "passes": [
            "ef762aa0-794f-4230-9c17-3b70f5f7d1ad",
            "2a599d89-3f39-4101-93d9-d42a5cbfa4ad",
            "a1ec9921-1078-484d-ba6e-42460e30e552",
            "22d80856-6534-4022-945f-6d4fe90a3f37",
            "86587aa4-0064-4f05-8b90-ed8833890523",
            "698c3ac7-32bc-4f26-a3b1-098d64720ac3",
            "da0bf883-ebe3-4ac4-ac46-a9ed09242269",
            "21fbea3c-facf-44e3-bab8-592960abbe06"
          ],
          "failures": [],
          "pending": [],
          "skipped": [],
          "duration": 68,
          "root": false,
          "rootEmpty": false,
          "_timeout": 60000
        }
      ],
      "passes": [],
      "failures": [],
      "pending": [],
      "skipped": [],
      "duration": 0,
      "root": true,
      "rootEmpty": true,
      "_timeout": 60000
    }
  ],
  "meta": {
    "mocha": {
      "version": "8.4.0"
    },
    "mochawesome": {
      "options": {
        "quiet": false,
        "reportFilename": "mochawesome",
        "saveHtml": true,
        "saveJson": true,
        "consoleReporter": "spec",
        "useInlineDiffs": false,
        "code": true
      },
      "version": "6.1.1"
    },
    "marge": {
      "options": null,
      "version": "5.2.0"
    }
  }
}